<?xml version="1.0" encoding="UTF-8"?>
<testng-results ignored="0" total="2" passed="2" failed="0" skipped="0">
  <reporter-output>
  </reporter-output>
  <suite started-at="2025-01-22T17:34:12 IST" name="Default suite" finished-at="2025-01-22T17:37:17 IST" duration-ms="185356">
    <groups>
      <group name="cucumber">
        <method signature="AbstractTestNGCucumberTests.runScenario(io.cucumber.testng.PickleWrapper,io.cucumber.testng.FeatureWrapper)[pri:0, instance:com.ola.TestRunner.TestRunner@76494737]" name="runScenario" class="io.cucumber.testng.AbstractTestNGCucumberTests"/>
      </group> <!-- cucumber -->
    </groups>
    <test started-at="2025-01-22T17:34:12 IST" name="Default test" finished-at="2025-01-22T17:37:17 IST" duration-ms="185356">
      <class name="com.ola.TestRunner.TestRunner">
        <test-method is-config="true" signature="setUpClass(org.testng.ITestContext)[pri:0, instance:com.ola.TestRunner.TestRunner@76494737]" started-at="2025-01-22T17:34:12 IST" name="setUpClass" finished-at="2025-01-22T17:34:13 IST" duration-ms="849" status="PASS">
          <params>
            <param index="0">
              <value>
                <![CDATA[org.testng.TestRunner@4f541e67]]>
              </value>
            </param>
          </params>
          <reporter-output>
          </reporter-output>
        </test-method> <!-- setUpClass -->
        <test-method signature="runScenario(io.cucumber.testng.PickleWrapper,io.cucumber.testng.FeatureWrapper)[pri:0, instance:com.ola.TestRunner.TestRunner@76494737]" started-at="2025-01-22T17:34:13 IST" name="runScenario" description="Runs Cucumber Scenarios" data-provider="scenarios" finished-at="2025-01-22T17:35:36 IST" duration-ms="83511" status="PASS">
          <params>
            <param index="0">
              <value>
                <![CDATA["To Naviagte to AccountsDeatils Page"]]>
              </value>
            </param>
            <param index="1">
              <value>
                <![CDATA["To Validate the Ola App"]]>
              </value>
            </param>
          </params>
          <reporter-output>
          </reporter-output>
        </test-method> <!-- runScenario -->
        <test-method signature="runScenario(io.cucumber.testng.PickleWrapper,io.cucumber.testng.FeatureWrapper)[pri:0, instance:com.ola.TestRunner.TestRunner@76494737]" started-at="2025-01-22T17:35:36 IST" name="runScenario" description="Runs Cucumber Scenarios" data-provider="scenarios" finished-at="2025-01-22T17:37:17 IST" duration-ms="100756" status="PASS">
          <params>
            <param index="0">
              <value>
                <![CDATA["To Naivgiate to Book Any page"]]>
              </value>
            </param>
            <param index="1">
              <value>
                <![CDATA["To Validate the Ola App"]]>
              </value>
            </param>
          </params>
          <reporter-output>
          </reporter-output>
        </test-method> <!-- runScenario -->
        <test-method is-config="true" signature="tearDownClass()[pri:0, instance:com.ola.TestRunner.TestRunner@76494737]" started-at="2025-01-22T17:37:17 IST" name="tearDownClass" finished-at="2025-01-22T17:37:17 IST" duration-ms="163" status="PASS">
          <reporter-output>
          </reporter-output>
        </test-method> <!-- tearDownClass -->
      </class> <!-- com.ola.TestRunner.TestRunner -->
    </test> <!-- Default test -->
  </suite> <!-- Default suite -->
</testng-results>
